2026-01-22 21:36:03,544 [INFO] KolamBackend: Initialized with O-RAN Layer Role: ALL
2026-01-22 21:36:03,703 [INFO] KolamBackend: Starting up Kolam Backend Services...
2026-01-22 21:36:03,718 [INFO] KolamBackend: Database tables verified.
2026-01-22 21:38:13,409 [INFO] numba.cuda.cudadrv.driver: init
2026-01-22 21:46:49,972 [INFO] KolamBackend: Initialized with O-RAN Layer Role: ALL
2026-01-22 21:46:50,059 [INFO] KolamBackend: Starting up Kolam Backend Services...
2026-01-22 21:46:50,068 [INFO] KolamBackend: Database tables verified.
2026-01-22 21:48:19,275 [INFO] KolamBackend: Shutting down Kolam Backend Services...
2026-01-22 21:48:47,973 [INFO] KolamBackend: Initialized with O-RAN Layer Role: ALL
2026-01-22 21:48:48,145 [INFO] KolamBackend: Starting up Kolam Backend Services...
2026-01-22 21:48:48,153 [INFO] KolamBackend: Database tables verified.
2026-05-24 18:40:33,727 [INFO] KolamBackend: Initialized with O-RAN Layer Role: ALL
2026-05-24 18:40:33,941 [INFO] KolamBackend: Starting up Kolam Backend Services...
2026-05-24 18:40:34,141 [INFO] KolamBackend: Database tables verified.
2026-05-24 18:48:14,854 [INFO] KolamBackend: Initialized with O-RAN Layer Role: ALL
2026-05-24 18:48:14,974 [INFO] KolamBackend: Starting up Kolam Backend Services...
2026-05-24 18:48:14,991 [INFO] KolamBackend: Database tables verified.
2026-05-24 20:30:03,751 [INFO] KolamBackend: Initialized with O-RAN Layer Role: ALL
2026-05-24 20:30:03,845 [INFO] KolamBackend: Starting up Kolam Backend Services...
2026-05-24 20:30:05,658 [INFO] KolamBackend: Database tables verified.
